<?xml version="1.0" encoding="UTF-8"?>
<testng-results skipped="0" failed="0" total="1" passed="1">
  <reporter-output>
  </reporter-output>
  <suite name="Suite" duration-ms="5985" started-at="2019-03-14T01:13:53Z" finished-at="2019-03-14T01:13:59Z">
    <groups>
    </groups>
    <test name="Test" duration-ms="5985" started-at="2019-03-14T01:13:53Z" finished-at="2019-03-14T01:13:59Z">
      <class name="work.baidu">
        <test-method status="PASS" signature="openchrome()[pri:0, instance:work.baidu@1c2c22f3]" name="openchrome" is-config="true" duration-ms="2644" started-at="2019-03-14T09:13:53Z" finished-at="2019-03-14T09:13:56Z">
          <reporter-output>
          </reporter-output>
        </test-method> <!-- openchrome -->
        <test-method status="PASS" signature="Alogin()[pri:0, instance:work.baidu@1c2c22f3]" name="Alogin" duration-ms="3335" started-at="2019-03-14T09:13:56Z" finished-at="2019-03-14T09:13:59Z">
          <reporter-output>
          </reporter-output>
        </test-method> <!-- Alogin -->
      </class> <!-- work.baidu -->
    </test> <!-- Test -->
  </suite> <!-- Suite -->
</testng-results>
